<?xml version="1.0" encoding="UTF-8"?>
<!-- Generated by org.testng.reporters.JUnitXMLReporter -->
<testsuite hostname="GGN000190162001" ignored="1" name="Test" tests="8" failures="0" timestamp="11 Oct 2020 06:18:01 GMT" time="7.5" errors="0">
  <testcase name="@BeforeMethod launchURL" time="0.07" classname="init.TestInitiator">
    <failure type="org.openqa.selenium.NoSuchWindowException" message="Browsing context has been discarded
Build info: version: &amp;apos;3.141.59&amp;apos;, revision: &amp;apos;e82be7d358&amp;apos;, time: &amp;apos;2018-11-14T08:17:03&amp;apos;
System info: host: &amp;apos;GGN000190162001&amp;apos;, ip: &amp;apos;10.15.23.139&amp;apos;, os.name: &amp;apos;Windows 10&amp;apos;, os.arch: &amp;apos;amd64&amp;apos;, os.version: &amp;apos;10.0&amp;apos;, java.version: &amp;apos;1.8.0_261&amp;apos;
Driver info: org.openqa.selenium.firefox.FirefoxDriver
Capabilities {acceptInsecureCerts: true, browserName: firefox, browserVersion: 80.0.1, javascriptEnabled: true, moz:accessibilityChecks: false, moz:buildID: 20200831163820, moz:geckodriverVersion: 0.26.0, moz:headless: false, moz:processID: 65268, moz:profile: C:\Users\Sarthak Chadha\App..., moz:shutdownTimeout: 60000, moz:useNonSpecCompliantPointerOrigin: false, moz:webdriverClick: true, pageLoadStrategy: normal, platform: WINDOWS, platformName: WINDOWS, platformVersion: 10.0, rotatable: false, setWindowRect: true, strictFileInteractability: false, timeouts: {implicit: 0, pageLoad: 300000, script: 30000}, unhandledPromptBehavior: dismiss and notify}
Session ID: 060e476a-495f-450b-8b6e-6240acc895ed">
      <![CDATA[org.openqa.selenium.NoSuchWindowException: Browsing context has been discarded
Build info: version: '3.141.59', revision: 'e82be7d358', time: '2018-11-14T08:17:03'
System info: host: 'GGN000190162001', ip: '10.15.23.139', os.name: 'Windows 10', os.arch: 'amd64', os.version: '10.0', java.version: '1.8.0_261'
Driver info: org.openqa.selenium.firefox.FirefoxDriver
Capabilities {acceptInsecureCerts: true, browserName: firefox, browserVersion: 80.0.1, javascriptEnabled: true, moz:accessibilityChecks: false, moz:buildID: 20200831163820, moz:geckodriverVersion: 0.26.0, moz:headless: false, moz:processID: 65268, moz:profile: C:\Users\Sarthak Chadha\App..., moz:shutdownTimeout: 60000, moz:useNonSpecCompliantPointerOrigin: false, moz:webdriverClick: true, pageLoadStrategy: normal, platform: WINDOWS, platformName: WINDOWS, platformVersion: 10.0, rotatable: false, setWindowRect: true, strictFileInteractability: false, timeouts: {implicit: 0, pageLoad: 300000, script: 30000}, unhandledPromptBehavior: dismiss and notify}
Session ID: 060e476a-495f-450b-8b6e-6240acc895ed
at org.openqa.selenium.remote.http.W3CHttpResponseCodec.createException(W3CHttpResponseCodec.java:187)
at org.openqa.selenium.remote.http.W3CHttpResponseCodec.decode(W3CHttpResponseCodec.java:122)
at org.openqa.selenium.remote.http.W3CHttpResponseCodec.decode(W3CHttpResponseCodec.java:49)
at org.openqa.selenium.remote.HttpCommandExecutor.execute(HttpCommandExecutor.java:158)
at org.openqa.selenium.remote.service.DriverCommandExecutor.execute(DriverCommandExecutor.java:83)
at org.openqa.selenium.remote.RemoteWebDriver.execute(RemoteWebDriver.java:552)
at org.openqa.selenium.remote.RemoteWebDriver.get(RemoteWebDriver.java:277)
at init.TestInitiator.launchURL(TestInitiator.java:34)
... Removed 32 stack frames]]>
    </failure>
  </testcase> <!-- @BeforeMethod launchURL -->
  <testcase name="@BeforeMethod launchURL" time="0.0" classname="init.TestInitiator">
    <skipped/>
  </testcase> <!-- @BeforeMethod launchURL -->
  <testcase name="@BeforeMethod launchURL" time="0.0" classname="init.TestInitiator">
    <skipped/>
  </testcase> <!-- @BeforeMethod launchURL -->
  <testcase name="@BeforeMethod launchURL" time="0.001" classname="init.TestInitiator">
    <failure type="java.lang.NullPointerException">
      <![CDATA[java.lang.NullPointerException
at init.TestInitiator.launchURL(TestInitiator.java:34)
... Removed 28 stack frames]]>
    </failure>
  </testcase> <!-- @BeforeMethod launchURL -->
  <testcase name="@BeforeMethod launchURL" time="0.0" classname="init.TestInitiator">
    <skipped/>
  </testcase> <!-- @BeforeMethod launchURL -->
  <testcase name="@BeforeMethod launchURL" time="0.0" classname="init.TestInitiator">
    <skipped/>
  </testcase> <!-- @BeforeMethod launchURL -->
  <testcase name="getCurrentUR3" time="0.012" classname="test.BusHireTest"/>
  <testcase name="getCurrentURL1" time="0.001" classname="test.BusHireTest"/>
  <testcase name="getCurrentURL2" time="0.0" classname="test.BusHireTest">
    <skipped/>
  </testcase> <!-- getCurrentURL2 -->
  <testcase name="getCurrentURL4" time="0.0" classname="test.BusHireTest">
    <skipped/>
  </testcase> <!-- getCurrentURL4 -->
  <testcase name="getTitle" time="0.0" classname="test.BusHireTest">
    <skipped/>
  </testcase> <!-- getTitle -->
  <testcase name="bookTicket" time="0.0" classname="test.HomePageTest">
    <skipped/>
  </testcase> <!-- bookTicket -->
  <testcase name="getCurrentURL10" time="0.0" classname="test.HomePageTest">
    <skipped/>
  </testcase> <!-- getCurrentURL10 -->
  <testcase name="getCurrentURL9" time="0.0" classname="test.HomePageTest">
    <skipped/>
  </testcase> <!-- getCurrentURL9 -->
  <testcase name="@BeforeSuite launchBrowser" time="0.0" classname="init.TestInitiator">
    <ignored/>
  </testcase> <!-- @BeforeSuite launchBrowser -->
</testsuite> <!-- Test -->
